Added Component: Designator=Y1(ECS OSCXO)
Added Pin To Net: NetName=VCC Pin=JP1-1
Added Pin To Net: NetName=RX1 Pin=U1-8
Added Pin To Net: NetName=TX1 Pin=U1-9
Added Pin To Net: NetName=TX2 Pin=U1-14
Added Pin To Net: NetName=RX2 Pin=U1-15
Added Pin To Net: NetName=SCK Pin=U1-21
Added Pin To Net: NetName=MISO Pin=U1-22
Added Pin To Net: NetName=MOSI Pin=U1-23
Added Pin To Net: NetName=TX3 Pin=U1-53
Added Pin To Net: NetName=RX3 Pin=U1-54
Added Pin To Net: NetName=SCL0 Pin=U1-58
Added Pin To Net: NetName=SDA0 Pin=U1-59
Added Pin To Net: NetName=VCC Pin=Y1-1
Added Pin To Net: NetName=GND Pin=Y1-2
Added Pin To Net: NetName=VCC Pin=Y1-4
Change Net Name : Old Net Name=5V New Net Name=3V3_2
Added Pin To Net: NetName=OSC Pin=U1-5
Added Pin To Net: NetName=OSC Pin=Y1-3
Added Net: Name=OSC
Added Member To Class: ClassName=MCU Member=Component R1 RC0805FR-0710KL
Added Member To Class: ClassName=MCU Member=Component Y1 16MHz Crystal Oscillator
