Removed Pin From Net: NetName=GND Pin=Q2-2
Removed Pin From Net: NetName=OSC Pin=Q2-3
Removed Pin From Net: NetName=OSC Pin=R8-1
Removed Pin From Net: NetName=VCC Pin=R8-2
Removed Member From Class: ClassName=MCU Member=Q2
Removed Member From Class: ClassName=MCU Member=R7
Removed Member From Class: ClassName=MCU Member=R8
Added Component: Designator=U2(DBV0006A_L)
Add component (AddParameter): Name = "2nd Harmonic(dBc)"; Value = "75"; VariantName = "[No Variations]"
Add component (AddParameter): Name = "3rd Harmonic(dBc)"; Value = "83"; VariantName = "[No Variations]"
Add component (AddParameter): Name = "@ MHz"; Value = "1"; VariantName = "[No Variations]"
Add component (AddParameter): Name = "Acl, min stable gain(V/V)"; Value = "1"; VariantName = "[No Variations]"
Add component (AddParameter): Name = "BW @ Acl(MHz)"; Value = "250"; VariantName = "[No Variations]"
Add component (AddParameter): Name = "CMRR(Min)(dB)"; Value = ""; VariantName = "[No Variations]"
Add component (AddParameter): Name = "Code_JEDEC"; Value = "MO-178"; VariantName = "[No Variations]"
Add component (AddParameter): Name = "ComponentLink1Description"; Value = "Manufacturer URL"; VariantName = "[No Variations]"
Add component (AddParameter): Name = "ComponentLink1URL"; Value = "http://www.ti.com/"; VariantName = "[No Variations]"
Add component (AddParameter): Name = "ComponentLink2Description"; Value = "Datasheet"; VariantName = "[No Variations]"
Add component (AddParameter): Name = "ComponentLink2URL"; Value = "http://www.ti.com/general/docs/lit/getliterature.tsp?genericPartNumber=OPA357&fileType=pdf"; VariantName = "[No Variations]"
Add component (AddParameter): Name = "ComponentLink3Description"; Value = "Package Specification"; VariantName = "[No Variations]"
Add component (AddParameter): Name = "ComponentLink3URL"; Value = "http://www.ti.com/litv/pdf/mpds026h"; VariantName = "[No Variations]"
Add component (AddParameter): Name = "DatasheetVersion"; Value = "SBOS235E"; VariantName = "[No Variations]"
Add component (AddParameter): Name = "Diff Gain(%)"; Value = "0.02"; VariantName = "[No Variations]"
Add component (AddParameter): Name = "Diff Phase(deg)"; Value = "0.09"; VariantName = "[No Variations]"
Add component (AddParameter): Name = "Eco-Plan"; Value = "Green (RoHS & no Sb/Br)"; VariantName = "[No Variations]"
Add component (AddParameter): Name = "GBW(Typ)(MHz)"; Value = ""; VariantName = "[No Variations]"
Add component (AddParameter): Name = "Iib(Max)(nA)"; Value = "0.05"; VariantName = "[No Variations]"
Add component (AddParameter): Name = "Io(Typ)(mA)"; Value = "100"; VariantName = "[No Variations]"
Add component (AddParameter): Name = "Iq per channel(Max)(mA)"; Value = "7.5"; VariantName = "[No Variations]"
Add component (AddParameter): Name = "LCSC Part #"; Value = "C139385"; VariantName = "[No Variations]"
Add component (AddParameter): Name = "Manufacturer"; Value = "Texas Instruments"; VariantName = "[No Variations]"
Add component (AddParameter): Name = "Mounting Technology"; Value = "Surface Mount"; VariantName = "[No Variations]"
Add component (AddParameter): Name = "Number of Channels"; Value = "1"; VariantName = "[No Variations]"
Add component (AddParameter): Name = "Offset Drift(Typ)(uV/C)"; Value = ""; VariantName = "[No Variations]"
Add component (AddParameter): Name = "PackageDescription"; Value = "6-Pin Plastic Small Outline, Body 1.6 x 2.9 mm, Pitch 0.95 mm"; VariantName = "[No Variations]"
Add component (AddParameter): Name = "PackageReference"; Value = "DBV0006A"; VariantName = "[No Variations]"
Add component (AddParameter): Name = "PackageVersion"; Value = "4073253-5/K, 03/2006"; VariantName = "[No Variations]"
Add component (AddParameter): Name = "Packing"; Value = ""; VariantName = "[No Variations]"
Add component (AddParameter): Name = "PartNumber"; Value = "OPA357AIDBVR"; VariantName = "[No Variations]"
Add component (AddParameter): Name = "Rail-Rail"; Value = "In, Out"; VariantName = "[No Variations]"
Add component (AddParameter): Name = "Rating"; Value = ""; VariantName = "[No Variations]"
Add component (AddParameter): Name = "RevisionNote"; Value = ""; VariantName = "[No Variations]"
Add component (AddParameter): Name = "Settling Time (0.1%)(Typ)(ns)"; Value = "30"; VariantName = "[No Variations]"
Add component (AddParameter): Name = "Slew Rate(Typ)(V/us)"; Value = "150"; VariantName = "[No Variations]"
Add component (AddParameter): Name = "Sub Family"; Value = "High Output Current Amplifier (>=50mA), High Speed Amplifier (>=50MHz), Low Supply Voltage Amplifier (<=2.7V)"; VariantName = "[No Variations]"
Add component (AddParameter): Name = "SubFamily"; Value = ""; VariantName = "[No Variations]"
Add component (AddParameter): Name = "THD (Fc is 1 MHz)(Typ)(dB)"; Value = "-74"; VariantName = "[No Variations]"
Add component (AddParameter): Name = "Total Supply Voltage(Max)(+5V is 5, +/-5V is 10)"; Value = ""; VariantName = "[No Variations]"
Add component (AddParameter): Name = "Total Supply Voltage(Min)(+5V is 5, +/-5V is 10)"; Value = ""; VariantName = "[No Variations]"
Add component (AddParameter): Name = "Vio (25C)(Max)(mV)"; Value = ""; VariantName = "[No Variations]"
Add component (AddParameter): Name = "Vio(Max)(mV)"; Value = "8"; VariantName = "[No Variations]"
Add component (AddParameter): Name = "Vmax(V)"; Value = ""; VariantName = "[No Variations]"
Add component (AddParameter): Name = "Vmin(V)"; Value = ""; VariantName = "[No Variations]"
Add component (AddParameter): Name = "Vn at Flatband(Typ)(nV/rtHz)"; Value = "6.5"; VariantName = "[No Variations]"
Add component (AddParameter): Name = "Vs(Max)(V)"; Value = "5.5"; VariantName = "[No Variations]"
Add component (AddParameter): Name = "Vs(Min)(V)"; Value = "2.5"; VariantName = "[No Variations]"
Added Pin To Net: NetName=OSC Pin=U2-1
Added Pin To Net: NetName=GND Pin=U2-2
Added Pin To Net: NetName=OSC Pin=U2-4
Added Pin To Net: NetName=VCC Pin=U2-5
Added Pin To Net: NetName=VCC Pin=U2-6
Added Pin To Net: NetName=NetU2_3 Pin=U2-3
Added Pin To Net: NetName=NetU2_3 Pin=Y1-5
Added Net: Name=NetU2_3
Added Member To Class: ClassName=MCU Member=Component U2 OPA357AIDBVR
