Removed Pin From Net: NetName=GND Pin=C1-1
Removed Pin From Net: NetName=VCC Pin=C1-2
Removed Pin From Net: NetName=GND Pin=C9-1
Removed Pin From Net: NetName=NetC7_1 Pin=C9-2
Removed Pin From Net: NetName=RX1 Pin=U1-8
Removed Pin From Net: NetName=TX1 Pin=U1-9
Removed Pin From Net: NetName=TX2 Pin=U1-14
Removed Pin From Net: NetName=RX2 Pin=U1-15
Removed Pin From Net: NetName=TX3 Pin=U1-53
Removed Pin From Net: NetName=RX3 Pin=U1-54
Removed Pin From Net: NetName=VCC Pin=Y1-1
Removed Pin From Net: NetName=GND Pin=Y1-2
Removed Pin From Net: NetName=OSC Pin=Y1-3
Removed Pin From Net: NetName=VCC Pin=Y1-4
Removed Member From Class: ClassName=MCU Member=Y1
Change Component Footprint: Designator=C1 Old Footprint=CAPC1210(3225)190_N New Footprint=FP-CL32-IPC_B
Change Component Footprint: Designator=C9 Old Footprint=CAPC1608X90X35ML15T15 New Footprint=FP-CL10-IPC_A
Change Component Footprint: Designator=C8 Old Footprint=FP-0603-L_1_6_0_15-W_0_81-IPC_A New Footprint=FP-CC0603-DA-MFG
Change Component Footprint: Designator=R1 Old Footprint=RESC2013X60X35NL10T20 New Footprint=FP-AC0805-MFG
Change Component Comment : Designator=C8 Old Comment=06035C103KAT2A New Comment=CC0603KRX7R9BB103
Change Component Comment : Designator=C9 Old Comment=C0603C105K8RACTU New Comment=CL10A105KO8NNNC
Change Component Comment : Designator=C1 Old Comment=CAP 10uF 16V 1210(3225) New Comment=CL32B106KAJNNNE
Change Comment: Unknown Component : C2
Change Comment: Unknown Component : C3
Change Comment: Unknown Component : C4
Change Comment: Unknown Component : C5
Change Comment: Unknown Component : C6
Change Comment: Unknown Component : C7
Change Component Comment : Designator=R1 Old Comment=RC0805FR-0710KL New Comment=AC0805FR-0710KL
Change Managed Component Library Link : Designator=C1 Old VaultGUID=B7D15EC3-160A-466F-A46C-7801FE6295A7 New VaultGUID=B7D15EC3-160A-466F-A46C-7801FE6295A7 Old ItemGUID=E24EDACD-24E3-4A28-BFBA-44B803BACEF9 New ItemGUID=92A7A680-9332-4457-97A2-198E63E1FB11 Old RevisionGUID=593D61B1-5F8C-4EC9-B07C-07D9E7C1748E New RevisionGUID=2E96E9D6-CC1A-441A-8601-8653C1D18C02
Change Managed Component Library Link: Component "C2" not found
Change Managed Component Library Link: Component "C3" not found
Change Managed Component Library Link: Component "C4" not found
Change Managed Component Library Link: Component "C5" not found
Change Managed Component Library Link: Component "C6" not found
Change Managed Component Library Link: Component "C7" not found
Change Managed Component Library Link : Designator=C8 Old VaultGUID=B7D15EC3-160A-466F-A46C-7801FE6295A7 New VaultGUID=B7D15EC3-160A-466F-A46C-7801FE6295A7 Old ItemGUID=BD86F84A-F80F-4F6C-BBCD-9CD5B2BCE8A9 New ItemGUID=A35D4787-8254-415A-8641-8C18E19A0A29 Old RevisionGUID=8985293F-9E97-41A7-9E06-39345674BFD1 New RevisionGUID=502382A2-5ED1-47C4-A0B3-A5D888C67FD1
Change Managed Component Library Link : Designator=C9 Old VaultGUID=B7D15EC3-160A-466F-A46C-7801FE6295A7 New VaultGUID=B7D15EC3-160A-466F-A46C-7801FE6295A7 Old ItemGUID=C9A762B4-08DE-4E83-8519-EC4C4874FDF9 New ItemGUID=82DE548D-FBAC-4C21-967C-65BED88DC468 Old RevisionGUID=340E44F7-CE6B-4E7F-AA3C-8862D877DC0E New RevisionGUID=406293DF-77EC-42F7-BD72-9D56C67E5733
Change Managed Component Library Link : Designator=R1 Old VaultGUID=B7D15EC3-160A-466F-A46C-7801FE6295A7 New VaultGUID=B7D15EC3-160A-466F-A46C-7801FE6295A7 Old ItemGUID=D2BB4EBD-434C-4A0A-87C3-92BF88F0847C New ItemGUID=CEDA84BC-CDBC-47F1-8AC7-5A9224B177B9 Old RevisionGUID=E93F9D83-9F5D-47E9-B6A2-6EB4829C9051 New RevisionGUID=DD60BCF6-0658-4696-90E3-506AFF95081E
Change component parameters: Designator = "C1" ("C1"); Footprint = "CAPC1210(3225)190_N"; UniqueID = "\XVOFFJYU" ("\XVOFFJYU")
Change component parameters (AddParameter): Name = "Capacitance"; Value = "10uF"; VariantName = "[No Variations]"
Change component parameters (AddParameter): Name = "Case Code (Imperial)"; Value = "1210"; VariantName = "[No Variations]"
Change component parameters (AddParameter): Name = "Case Code (Metric)"; Value = "3225"; VariantName = "[No Variations]"
Change component parameters (AddParameter): Name = "Case/Package"; Value = "1210"; VariantName = "[No Variations]"
Change component parameters (AddParameter): Name = "Contact Plating"; Value = "Tin"; VariantName = "[No Variations]"
Change component parameters (AddParameter): Name = "Depth"; Value = "2.5mm"; VariantName = "[No Variations]"
Change component parameters (AddParameter): Name = "Dielectric"; Value = "X7R"; VariantName = "[No Variations]"
Change component parameters (AddParameter): Name = "Height"; Value = "2.5mm"; VariantName = "[No Variations]"
Change component parameters (AddParameter): Name = "Length"; Value = "3.2mm"; VariantName = "[No Variations]"
Change component parameters (AddParameter): Name = "Material"; Value = "Ceramic"; VariantName = "[No Variations]"
Change component parameters (AddParameter): Name = "Max Operating Temperature"; Value = "125°C"; VariantName = "[No Variations]"
Change component parameters (AddParameter): Name = "Min Operating Temperature"; Value = "-55°C"; VariantName = "[No Variations]"
Change component parameters (AddParameter): Name = "Mount"; Value = "Surface Mount"; VariantName = "[No Variations]"
Change component parameters (AddParameter): Name = "Package Quantity"; Value = "1000"; VariantName = "[No Variations]"
Change component parameters (AddParameter): Name = "Packaging"; Value = "Tape and Reel"; VariantName = "[No Variations]"
Change component parameters (AddParameter): Name = "Radiation Hardening"; Value = "No"; VariantName = "[No Variations]"
Change component parameters (AddParameter): Name = "Thickness"; Value = "0.106inch"; VariantName = "[No Variations]"
Change component parameters (AddParameter): Name = "Tolerance"; Value = "10%"; VariantName = "[No Variations]"
Change component parameters (AddParameter): Name = "Voltage"; Value = "25V"; VariantName = "[No Variations]"
Change component parameters (AddParameter): Name = "Voltage Rating"; Value = "25V"; VariantName = "[No Variations]"
Change component parameters (AddParameter): Name = "Width"; Value = "0.098inch"; VariantName = "[No Variations]"
Change component parameters: Component "C2" not found
Change component parameters: Component "C3" not found
Change component parameters: Component "C4" not found
Change component parameters: Component "C5" not found
Change component parameters: Component "C6" not found
Change component parameters: Component "C7" not found
Change component parameters: Designator = "C8" ("C8"); Footprint = "FP-0603-L_1_6_0_15-W_0_81-IPC_A"; UniqueID = "\NOGNTNWW" ("\NOGNTNWW")
Change component parameters (AddParameter): Name = "Automotive"; Value = "No"; VariantName = "[No Variations]"
Change component parameters (AddParameter): Name = "Capacitance"; Value = "10 nF"; VariantName = "[No Variations]"
Change component parameters (AddParameter): Name = "Category"; Value = "Cap"; VariantName = "[No Variations]"
Change component parameters (AddParameter): Name = "ComponentLink2Description"; Value = "Datasheet"; VariantName = "[No Variations]"
Change component parameters (AddParameter): Name = "ComponentLink2URL"; Value = "http://www.yageo.com/documents/recent/UPY-GPHC_X7R_6.3V-to-50V_18.pdf"; VariantName = "[No Variations]"
Change component parameters (AddParameter): Name = "Device Class L1"; Value = "Passive Components"; VariantName = "[No Variations]"
Change component parameters (AddParameter): Name = "Device Class L2"; Value = "Capacitors"; VariantName = "[No Variations]"
Change component parameters (AddParameter): Name = "Device Class L3"; Value = "Ceramic Capacitors"; VariantName = "[No Variations]"
Change component parameters (AddParameter): Name = "Digikey Description"; Value = "CAP CER 10000PF 50V X7R 0603"; VariantName = "[No Variations]"
Change component parameters (AddParameter): Name = "Footprint Url"; Value = "http://www.yageo.com/exep/pages/download/literatures/UPY-C_GEN_24.pdf"; VariantName = "[No Variations]"
Change component parameters (AddParameter): Name = "Height"; Value = "0.9mm"; VariantName = "[No Variations]"
Change component parameters (AddParameter): Name = "Lead Free"; Value = "Yes"; VariantName = "[No Variations]"
Change component parameters (AddParameter): Name = "Manufacturer"; Value = "YAGEO"; VariantName = "[No Variations]"
Change component parameters (AddParameter): Name = "Manufacturer Part Number"; Value = "CC0603KRX7R9BB103"; VariantName = "[No Variations]"
Change component parameters (AddParameter): Name = "Material"; Value = "Ceramic"; VariantName = "[No Variations]"
Change component parameters (AddParameter): Name = "Mouser Description"; Value = "Multilayer Ceramic Capacitor, CC Series, 0.01 - F, - 10%, X7R, 50 V, 0603 [1608 Metric]"; VariantName = "[No Variations]"
Change component parameters (AddParameter): Name = "Octopart"; Value = "https://octopart.com/cc0603krx7r9bb103-yageo-192938"; VariantName = "[No Variations]"
Change component parameters (AddParameter): Name = "Package"; Value = "CC0603-DA"; VariantName = "[No Variations]"
Change component parameters (AddParameter): Name = "RoHS"; Value = "TRUE"; VariantName = "[No Variations]"
Change component parameters (AddParameter): Name = "Temperature"; Value = "-55°C to +125°C"; VariantName = "[No Variations]"
Change component parameters (AddParameter): Name = "Temperature Characteristic"; Value = "X7R"; VariantName = "[No Variations]"
Change component parameters (AddParameter): Name = "Temperature Coefficient"; Value = "15%"; VariantName = "[No Variations]"
Change component parameters (AddParameter): Name = "Temperature Range High"; Value = "+125°C"; VariantName = "[No Variations]"
Change component parameters (AddParameter): Name = "Temperature Range Low"; Value = "-55°C"; VariantName = "[No Variations]"
Change component parameters (AddParameter): Name = "Tolerance"; Value = "0.1"; VariantName = "[No Variations]"
Change component parameters (AddParameter): Name = "Value"; Value = "10 nF"; VariantName = "[No Variations]"
Change component parameters (AddParameter): Name = "Voltage"; Value = "50 V"; VariantName = "[No Variations]"
Change component parameters (AddParameter): Name = "Voltage Rating"; Value = "50 V"; VariantName = "[No Variations]"
Change component parameters: Designator = "C9" ("C9"); Footprint = "CAPC1608X90X35ML15T15"; UniqueID = "\LOPLLQAJ" ("\LOPLLQAJ")
Change component parameters (AddParameter): Name = "Capacitance"; Value = "1uF"; VariantName = "[No Variations]"
Change component parameters (AddParameter): Name = "Case Code (Imperial)"; Value = "0603"; VariantName = "[No Variations]"
Change component parameters (AddParameter): Name = "Case Code (Metric)"; Value = "1608"; VariantName = "[No Variations]"
Change component parameters (AddParameter): Name = "Case/Package"; Value = "0603"; VariantName = "[No Variations]"
Change component parameters (AddParameter): Name = "Contact Plating"; Value = "Tin"; VariantName = "[No Variations]"
Change component parameters (AddParameter): Name = "Depth"; Value = "0.8mm"; VariantName = "[No Variations]"
Change component parameters (AddParameter): Name = "Dielectric"; Value = "X5R"; VariantName = "[No Variations]"
Change component parameters (AddParameter): Name = "Height"; Value = "0.8mm"; VariantName = "[No Variations]"
Change component parameters (AddParameter): Name = "Lead Free"; Value = "Lead Free"; VariantName = "[No Variations]"
Change component parameters (AddParameter): Name = "Length"; Value = "1.6mm"; VariantName = "[No Variations]"
Change component parameters (AddParameter): Name = "Material"; Value = "Ceramic"; VariantName = "[No Variations]"
Change component parameters (AddParameter): Name = "Max Operating Temperature"; Value = "85°C"; VariantName = "[No Variations]"
Change component parameters (AddParameter): Name = "Min Operating Temperature"; Value = "-55°C"; VariantName = "[No Variations]"
Change component parameters (AddParameter): Name = "Mount"; Value = "Surface Mount"; VariantName = "[No Variations]"
Change component parameters (AddParameter): Name = "Package Quantity"; Value = "1"; VariantName = "[No Variations]"
Change component parameters (AddParameter): Name = "Packaging"; Value = "Tape and Reel"; VariantName = "[No Variations]"
Change component parameters (AddParameter): Name = "Radiation Hardening"; Value = "No"; VariantName = "[No Variations]"
Change component parameters (AddParameter): Name = "Thickness"; Value = "0.035inch"; VariantName = "[No Variations]"
Change component parameters (AddParameter): Name = "Tolerance"; Value = "10%"; VariantName = "[No Variations]"
Change component parameters (AddParameter): Name = "Voltage"; Value = "16V"; VariantName = "[No Variations]"
Change component parameters (AddParameter): Name = "Voltage Rating"; Value = "16V"; VariantName = "[No Variations]"
Change component parameters (AddParameter): Name = "Voltage Rating (DC)"; Value = "16V"; VariantName = "[No Variations]"
Change component parameters (AddParameter): Name = "Width"; Value = "0.031inch"; VariantName = "[No Variations]"
Change component parameters: Designator = "R1" ("R1"); Footprint = "RESC2013X60X35NL10T20"; UniqueID = "\LESOFOTB" ("\LESOFOTB")
Change component parameters (AddParameter): Name = "Automotive"; Value = "Yes"; VariantName = "[No Variations]"
Change component parameters (AddParameter): Name = "Automotive Grade"; Value = "Grade 0"; VariantName = "[No Variations]"
Change component parameters (AddParameter): Name = "Category"; Value = "Res"; VariantName = "[No Variations]"
Change component parameters (AddParameter): Name = "ComponentLink2Description"; Value = "Datasheet"; VariantName = "[No Variations]"
Change component parameters (AddParameter): Name = "ComponentLink2URL"; Value = "http://www.yageo.com/documents/recent/PYu-AC_51_RoHS_L_6.pdf"; VariantName = "[No Variations]"
Change component parameters (AddParameter): Name = "Composition"; Value = "Thick Film"; VariantName = "[No Variations]"
Change component parameters (AddParameter): Name = "Device Class L1"; Value = "Passive Components"; VariantName = "[No Variations]"
Change component parameters (AddParameter): Name = "Device Class L2"; Value = "Resistors"; VariantName = "[No Variations]"
Change component parameters (AddParameter): Name = "Device Class L3"; Value = "Chip SMD Resistors"; VariantName = "[No Variations]"
Change component parameters (AddParameter): Name = "Digikey Description"; Value = "RES SMD 10K OHM 1% 1/8W 0805"; VariantName = "[No Variations]"
Change component parameters (AddParameter): Name = "Footprint Url"; Value = "http://www.yageo.com/exep/pages/download/literatures/PYu-R_Mount_10.pdf"; VariantName = "[No Variations]"
Change component parameters (AddParameter): Name = "Height"; Value = "0.6mm"; VariantName = "[No Variations]"
Change component parameters (AddParameter): Name = "Ipc Land Pattern Name"; Value = "RESC200125X50"; VariantName = "[No Variations]"
Change component parameters (AddParameter): Name = "Lead Free"; Value = "Yes"; VariantName = "[No Variations]"
Change component parameters (AddParameter): Name = "Manufacturer"; Value = "Yageo"; VariantName = "[No Variations]"
Change component parameters (AddParameter): Name = "Manufacturer Part Number"; Value = "AC0805FR-0710KL"; VariantName = "[No Variations]"
Change component parameters (AddParameter): Name = "Mouser Description"; Value = "Res Thick Film 0805 10K Ohm 1% 0.125W(1/8W) ±100ppm/C Epoxy Pad SMD Automotive T/R"; VariantName = "[No Variations]"
Change component parameters (AddParameter): Name = "Octopart"; Value = "https://octopart.com/ac0805fr-0710kl-yageo-21711112"; VariantName = "[No Variations]"
Change component parameters (AddParameter): Name = "Package"; Value = "AC0805"; VariantName = "[No Variations]"
Change component parameters (AddParameter): Name = "Power Rating"; Value = "1/8W"; VariantName = "[No Variations]"
Change component parameters (AddParameter): Name = "Resistance"; Value = "10KO"; VariantName = "[No Variations]"
Change component parameters (AddParameter): Name = "RoHS"; Value = "TRUE"; VariantName = "[No Variations]"
Change component parameters (AddParameter): Name = "Series"; Value = "AC"; VariantName = "[No Variations]"
Change component parameters (AddParameter): Name = "Temperature"; Value = "-55°C to +155°C"; VariantName = "[No Variations]"
Change component parameters (AddParameter): Name = "Temperature Range High"; Value = "+155°C"; VariantName = "[No Variations]"
Change component parameters (AddParameter): Name = "Temperature Range Low"; Value = "-55°C"; VariantName = "[No Variations]"
Change component parameters (AddParameter): Name = "Tolerance"; Value = "0.01"; VariantName = "[No Variations]"
Change component parameters (AddParameter): Name = "Value"; Value = "10KO"; VariantName = "[No Variations]"
Change component parameters (AddParameter): Name = "Voltage Rating"; Value = "150V"; VariantName = "[No Variations]"
Added Component: Designator=C11(FP-CL32-IPC_B)
Add component (AddParameter): Name = "Capacitance"; Value = "10uF"; VariantName = "[No Variations]"
Add component (AddParameter): Name = "Case Code (Imperial)"; Value = "1210"; VariantName = "[No Variations]"
Add component (AddParameter): Name = "Case Code (Metric)"; Value = "3225"; VariantName = "[No Variations]"
Add component (AddParameter): Name = "Case/Package"; Value = "1210"; VariantName = "[No Variations]"
Add component (AddParameter): Name = "Contact Plating"; Value = "Tin"; VariantName = "[No Variations]"
Add component (AddParameter): Name = "Depth"; Value = "2.5mm"; VariantName = "[No Variations]"
Add component (AddParameter): Name = "Dielectric"; Value = "X7R"; VariantName = "[No Variations]"
Add component (AddParameter): Name = "Height"; Value = "2.5mm"; VariantName = "[No Variations]"
Add component (AddParameter): Name = "Length"; Value = "3.2mm"; VariantName = "[No Variations]"
Add component (AddParameter): Name = "Material"; Value = "Ceramic"; VariantName = "[No Variations]"
Add component (AddParameter): Name = "Max Operating Temperature"; Value = "125°C"; VariantName = "[No Variations]"
Add component (AddParameter): Name = "Min Operating Temperature"; Value = "-55°C"; VariantName = "[No Variations]"
Add component (AddParameter): Name = "Mount"; Value = "Surface Mount"; VariantName = "[No Variations]"
Add component (AddParameter): Name = "Package Quantity"; Value = "1000"; VariantName = "[No Variations]"
Add component (AddParameter): Name = "Packaging"; Value = "Tape and Reel"; VariantName = "[No Variations]"
Add component (AddParameter): Name = "Radiation Hardening"; Value = "No"; VariantName = "[No Variations]"
Add component (AddParameter): Name = "Thickness"; Value = "0.106inch"; VariantName = "[No Variations]"
Add component (AddParameter): Name = "Tolerance"; Value = "10%"; VariantName = "[No Variations]"
Add component (AddParameter): Name = "Voltage"; Value = "25V"; VariantName = "[No Variations]"
Add component (AddParameter): Name = "Voltage Rating"; Value = "25V"; VariantName = "[No Variations]"
Add component (AddParameter): Name = "Width"; Value = "0.098inch"; VariantName = "[No Variations]"
Added Component: Designator=LS(XDCR_PS1240P02BT)
Add component (AddParameter): Name = "Availability"; Value = "Unavailable"; VariantName = "[No Variations]"
Add component (AddParameter): Name = "MF"; Value = "TDK"; VariantName = "[No Variations]"
Add component (AddParameter): Name = "MP"; Value = "PS1240P02BT"; VariantName = "[No Variations]"
Add component (AddParameter): Name = "Package"; Value = "2020 TDK"; VariantName = "[No Variations]"
Add component (AddParameter): Name = "Price"; Value = "None"; VariantName = "[No Variations]"
Add component (AddParameter): Name = "SnapEDA_Link"; Value = "https://www.snapeda.com/parts/PS1240P02BT/TDK/view-part/53420/?ref=snap"; VariantName = "[No Variations]"
Add component (AddParameter): Name = "Value"; Value = ""; VariantName = "[No Variations]"
Added Component: Designator=MICRO_SD(TF-01A)
Add component (AddParameter): Name = "Availability"; Value = "Not in stock"; VariantName = "[No Variations]"
Add component (AddParameter): Name = "Check_prices"; Value = "https://www.snapeda.com/parts/TF-01A/HRO+Electronics+Co.%252C+Ltd./view-part/?ref=eda"; VariantName = "[No Variations]"
Add component (AddParameter): Name = "MF"; Value = "HRO Electronics Co., Ltd."; VariantName = "[No Variations]"
Add component (AddParameter): Name = "MP"; Value = "TF-01A"; VariantName = "[No Variations]"
Add component (AddParameter): Name = "Package"; Value = "Package"; VariantName = "[No Variations]"
Add component (AddParameter): Name = "Price"; Value = "None"; VariantName = "[No Variations]"
Add component (AddParameter): Name = "SnapEDA_Link"; Value = "https://www.snapeda.com/parts/TF-01A/HRO+Electronics+Co.%252C+Ltd./view-part/?ref=snap"; VariantName = "[No Variations]"
Add component (AddParameter): Name = "Value"; Value = ""; VariantName = "[No Variations]"
Added Component: Designator=Q1(FAIR-TO-92-3)
Add component (AddParameter): Name = "<PCN>"; Value = "http://www.mouser.com/PCN/3.26.10LTBDFairchild.pdf"; VariantName = "[No Variations]"
Add component (AddParameter): Name = "Brand"; Value = "FairchildSemiconductor"; VariantName = "[No Variations]"
Add component (AddParameter): Name = "Collector- Base Voltage VCBO"; Value = "75V"; VariantName = "[No Variations]"
Add component (AddParameter): Name = "Collector- Emitter Voltage VCEO Max"; Value = "40V"; VariantName = "[No Variations]"
Add component (AddParameter): Name = "Collector-Emitter Saturation Voltage"; Value = "1V"; VariantName = "[No Variations]"
Add component (AddParameter): Name = "Configuration"; Value = "Single"; VariantName = "[No Variations]"
Add component (AddParameter): Name = "Datasheet URL"; Value = "https://www.fairchildsemi.com/datasheets/PN/PN2222A.pdf"; VariantName = "[No Variations]"
Add component (AddParameter): Name = "Datasheet Version"; Value = "Rev. 1.1.0, 07/2014"; VariantName = "[No Variations]"
Add component (AddParameter): Name = "DC Collector/Base Gain hfe Min"; Value = "100"; VariantName = "[No Variations]"
Add component (AddParameter): Name = "DC Current Gain hFE Max"; Value = "300"; VariantName = "[No Variations]"
Add component (AddParameter): Name = "Emitter- Base Voltage VEBO"; Value = "6V"; VariantName = "[No Variations]"
Add component (AddParameter): Name = "Factory Pack Quantity"; Value = "2000"; VariantName = "[No Variations]"
Add component (AddParameter): Name = "Gain Bandwidth Product fT"; Value = "300MHz"; VariantName = "[No Variations]"
Add component (AddParameter): Name = "Manufacturer"; Value = "FairchildSemiconductor"; VariantName = "[No Variations]"
Add component (AddParameter): Name = "Manufacturer URL"; Value = "https://www.fairchildsemi.com/"; VariantName = "[No Variations]"
Add component (AddParameter): Name = "Maximum DC Collector Current"; Value = "1A"; VariantName = "[No Variations]"
Add component (AddParameter): Name = "Maximum Operating Temperature"; Value = "+150C"; VariantName = "[No Variations]"
Add component (AddParameter): Name = "Maximum Power Dissipation"; Value = "625mW"; VariantName = "[No Variations]"
Add component (AddParameter): Name = "Minimum Operating Temperature"; Value = "-55C"; VariantName = "[No Variations]"
Add component (AddParameter): Name = "Mounting Style"; Value = "ThroughHole"; VariantName = "[No Variations]"
Add component (AddParameter): Name = "Mounting Technology"; Value = "ThroughHole"; VariantName = "[No Variations]"
Add component (AddParameter): Name = "Package / Case"; Value = "TO-92-3KinkedLead"; VariantName = "[No Variations]"
Add component (AddParameter): Name = "Package Description"; Value = "3-Pin Transistor Outline Package, Body Dia 4.79 mm, Pitch 2.6 mm"; VariantName = "[No Variations]"
Add component (AddParameter): Name = "Package Reference"; Value = "TO-92"; VariantName = "[No Variations]"
Add component (AddParameter): Name = "Packaging"; Value = "Reel"; VariantName = "[No Variations]"
Add component (AddParameter): Name = "Product Category"; Value = "BipolarTransistors-BJT"; VariantName = "[No Variations]"
Add component (AddParameter): Name = "RoHS"; Value = "Details"; VariantName = "[No Variations]"
Add component (AddParameter): Name = "Series"; Value = "PN2222"; VariantName = "[No Variations]"
Add component (AddParameter): Name = "Transistor Polarity"; Value = "NPN"; VariantName = "[No Variations]"
Add component (AddParameter): Name = "Unit Weight"; Value = "0.008466oz"; VariantName = "[No Variations]"
Added Component: Designator=R2(RESC2013X70X40NL20T20)
Add component (AddParameter): Name = "Manufacturer"; Value = "Panasonic"; VariantName = "[No Variations]"
Add component (AddParameter): Name = "Part Number"; Value = "ERJ6ENF2200V"; VariantName = "[No Variations]"
Added Component: Designator=R3(RESC2013X60X35ML10T20)
Add component (AddParameter): Name = "Case Code (Imperial)"; Value = "0805"; VariantName = "[No Variations]"
Add component (AddParameter): Name = "Case Code (Metric)"; Value = "2012"; VariantName = "[No Variations]"
Add component (AddParameter): Name = "Case/Package"; Value = "0805"; VariantName = "[No Variations]"
Add component (AddParameter): Name = "Composition"; Value = "ThickFilm"; VariantName = "[No Variations]"
Add component (AddParameter): Name = "Datasheet URL"; Value = "http://www.yageo.com/NewPortal/yageodocoutput?fileName=/pdf/R-Chip/PYu-RC_Group_51_RoHS_L_5.pdf"; VariantName = "[No Variations]"
Add component (AddParameter): Name = "Datasheet Version"; Value = "Rev. 5, 10/2016"; VariantName = "[No Variations]"
Add component (AddParameter): Name = "Depth"; Value = "1.25mm"; VariantName = "[No Variations]"
Add component (AddParameter): Name = "Height"; Value = "0.024inch"; VariantName = "[No Variations]"
Add component (AddParameter): Name = "Lead Free"; Value = "LeadFree"; VariantName = "[No Variations]"
Add component (AddParameter): Name = "Length"; Value = "0.079inch"; VariantName = "[No Variations]"
Add component (AddParameter): Name = "Manufacturer"; Value = "Yageo"; VariantName = "[No Variations]"
Add component (AddParameter): Name = "Manufacturer URL"; Value = "http://www.yageo.com/"; VariantName = "[No Variations]"
Add component (AddParameter): Name = "Max Operating Temperature"; Value = "155degC"; VariantName = "[No Variations]"
Add component (AddParameter): Name = "Max Power Dissipation"; Value = "125mW"; VariantName = "[No Variations]"
Add component (AddParameter): Name = "Military Standard"; Value = "Not"; VariantName = "[No Variations]"
Add component (AddParameter): Name = "Min Operating Temperature"; Value = "-55degC"; VariantName = "[No Variations]"
Add component (AddParameter): Name = "Number of Pins"; Value = "2"; VariantName = "[No Variations]"
Add component (AddParameter): Name = "Number of Terminations"; Value = "2"; VariantName = "[No Variations]"
Add component (AddParameter): Name = "Package Description"; Value = "2-Pin Surface Mounted Device, Body 2 x 1.25 mm"; VariantName = "[No Variations]"
Add component (AddParameter): Name = "Package Quantity"; Value = "1"; VariantName = "[No Variations]"
Add component (AddParameter): Name = "Package Reference"; Value = "0805"; VariantName = "[No Variations]"
Add component (AddParameter): Name = "Packaging"; Value = "TapeandReel"; VariantName = "[No Variations]"
Add component (AddParameter): Name = "Power Rating"; Value = "125mW"; VariantName = "[No Variations]"
Add component (AddParameter): Name = "REACH SVHC"; Value = "Unknown"; VariantName = "[No Variations]"
Add component (AddParameter): Name = "Resistance"; Value = "1KOhm"; VariantName = "[No Variations]"
Add component (AddParameter): Name = "RoHSCompliant"; Value = "true"; VariantName = "[No Variations]"
Add component (AddParameter): Name = "Temperature Coefficient"; Value = "100ppm/degreesC"; VariantName = "[No Variations]"
Add component (AddParameter): Name = "Termination"; Value = "SMD/SMT"; VariantName = "[No Variations]"
Add component (AddParameter): Name = "Tolerance"; Value = "1%"; VariantName = "[No Variations]"
Add component (AddParameter): Name = "Voltage Rating"; Value = "150V"; VariantName = "[No Variations]"
Add component (AddParameter): Name = "Voltage Rating (DC)"; Value = "150V"; VariantName = "[No Variations]"
Add component (AddParameter): Name = "Width"; Value = "0.049inch"; VariantName = "[No Variations]"
Added Component: Designator=R4(RESCAXE80P320X160X70-8N)
Add component (AddParameter): Name = "Check_prices"; Value = "https://www.snapeda.com/parts/YC164-JR-0747KL/Yageo/view-part/?ref=eda"; VariantName = "[No Variations]"
Add component (AddParameter): Name = "MF"; Value = "Yageo"; VariantName = "[No Variations]"
Add component (AddParameter): Name = "MP"; Value = "YC164-JR-0747KL"; VariantName = "[No Variations]"
Add component (AddParameter): Name = "Package"; Value = "1206 Yageo"; VariantName = "[No Variations]"
Add component (AddParameter): Name = "SnapEDA_Link"; Value = "https://www.snapeda.com/parts/YC164-JR-0747KL/Yageo/view-part/?ref=snap"; VariantName = "[No Variations]"
Add component (AddParameter): Name = "Value"; Value = ""; VariantName = "[No Variations]"
Added Pin To Net: NetName=VCC Pin=C1-1
Added Pin To Net: NetName=GND Pin=C1-2
Added Pin To Net: NetName=NetC7_1 Pin=C9-1
Added Pin To Net: NetName=GND Pin=C9-2
Add Pin To Net: Unknown Pin: Pin C10-1
Add Pin To Net: Unknown Pin: Pin C10-2
Added Pin To Net: NetName=VCC Pin=C11-1
Added Pin To Net: NetName=GND Pin=C11-2
Added Pin To Net: NetName=VCC Pin=LS-2
Added Pin To Net: NetName=VCC Pin=MICRO_SD-1
Added Pin To Net: NetName=VCC Pin=MICRO_SD-4
Added Pin To Net: NetName=GND Pin=MICRO_SD-6
Added Pin To Net: NetName=VCC Pin=MICRO_SD-8
Added Pin To Net: NetName=GND Pin=MICRO_SD-MP1
Added Pin To Net: NetName=GND Pin=MICRO_SD-MP2
Added Pin To Net: NetName=GND Pin=MICRO_SD-MP3
Added Pin To Net: NetName=GND Pin=MICRO_SD-MP4
Added Pin To Net: NetName=GND Pin=Q1-1
Added Pin To Net: NetName=VCC Pin=R3-2
Added Pin To Net: NetName=VCC Pin=R4-5
Added Pin To Net: NetName=VCC Pin=R4-6
Added Pin To Net: NetName=VCC Pin=R4-7
Added Pin To Net: NetName=VCC Pin=R4-8
Added Pin To Net: NetName=TX1 Pin=U1-8
Added Pin To Net: NetName=RX1 Pin=U1-9
Added Pin To Net: NetName=RX2 Pin=U1-14
Added Pin To Net: NetName=TX2 Pin=U1-15
Added Pin To Net: NetName=RX3 Pin=U1-53
Added Pin To Net: NetName=TX3 Pin=U1-54
Added Pin To Net: NetName=BUZZ Pin=R2-1
Added Pin To Net: NetName=BUZZ Pin=U1-36
Added Net: Name=BUZZ
Added Pin To Net: NetName=MISO2 Pin=MICRO_SD-7
Added Pin To Net: NetName=MISO2 Pin=R4-3
Added Pin To Net: NetName=MISO2 Pin=U1-10
Added Net: Name=MISO2
Added Pin To Net: NetName=MOSI2 Pin=MICRO_SD-3
Added Pin To Net: NetName=MOSI2 Pin=R4-2
Added Pin To Net: NetName=MOSI2 Pin=U1-11
Added Net: Name=MOSI2
Added Pin To Net: NetName=NetLS_1 Pin=LS-1
Added Pin To Net: NetName=NetLS_1 Pin=Q1-3
Added Pin To Net: NetName=NetLS_1 Pin=R3-1
Added Net: Name=NetLS_1
Added Pin To Net: NetName=NetQ1_2 Pin=Q1-2
Added Pin To Net: NetName=NetQ1_2 Pin=R2-2
Added Net: Name=NetQ1_2
Added Pin To Net: NetName=SCK2 Pin=MICRO_SD-5
Added Pin To Net: NetName=SCK2 Pin=R4-1
Added Pin To Net: NetName=SCK2 Pin=U1-29
Added Net: Name=SCK2
Added Pin To Net: NetName=SD_CS Pin=MICRO_SD-2
Added Pin To Net: NetName=SD_CS Pin=R4-4
Added Net: Name=SD_CS
Added Class: Name=microSD
Added Member To Class: ClassName=MCU Member=Component LS PS1240P02BT
Added Member To Class: ClassName=MCU Member=Component Q1 PN2222ATF
Added Member To Class: ClassName=MCU Member=Component R2 ERJ6ENF2200V
Added Member To Class: ClassName=MCU Member=Component R3 RC0805FR-071KL
