Added Component: Designator=TP9(FP-5004-MFG)
Add component (AddParameter): Name = "Automotive"; Value = "No"; VariantName = "[No Variations]"
Add component (AddParameter): Name = "Category"; Value = "Conn"; VariantName = "[No Variations]"
Add component (AddParameter): Name = "ComponentLink2Description"; Value = "Datasheet"; VariantName = "[No Variations]"
Add component (AddParameter): Name = "ComponentLink2URL"; Value = "https://www.keyelco.com/product-pdf.cfm?p=1313"; VariantName = "[No Variations]"
Add component (AddParameter): Name = "Contact Material"; Value = "Silver"; VariantName = "[No Variations]"
Add component (AddParameter): Name = "Device Class L1"; Value = "Connectors"; VariantName = "[No Variations]"
Add component (AddParameter): Name = "Device Class L2"; Value = "unset"; VariantName = "[No Variations]"
Add component (AddParameter): Name = "Device Class L3"; Value = "unset"; VariantName = "[No Variations]"
Add component (AddParameter): Name = "Digikey Description"; Value = "PC TEST POINT MINIATURE YELLOW"; VariantName = "[No Variations]"
Add component (AddParameter): Name = "Height"; Value = "4.72mm"; VariantName = "[No Variations]"
Add component (AddParameter): Name = "Is Female"; Value = "yes"; VariantName = "[No Variations]"
Add component (AddParameter): Name = "Lead Free"; Value = "Yes"; VariantName = "[No Variations]"
Add component (AddParameter): Name = "Manufacturer"; Value = "Keystone"; VariantName = "[No Variations]"
Add component (AddParameter): Name = "Manufacturer Part Number"; Value = "5004"; VariantName = "[No Variations]"
Add component (AddParameter): Name = "Mouser Description"; Value = "TEST POINT PC MINI .040"D YELLOW"; VariantName = "[No Variations]"
Add component (AddParameter): Name = "Number Of Contacts"; Value = "1"; VariantName = "[No Variations]"
Add component (AddParameter): Name = "Octopart"; Value = "https://octopart.com/5004-keystone-28591"; VariantName = "[No Variations]"
Add component (AddParameter): Name = "Package"; Value = "5004"; VariantName = "[No Variations]"
Add component (AddParameter): Name = "RoHS"; Value = "TRUE"; VariantName = "[No Variations]"
Add Pin To Net: Unknown Pin: Pin C2-1
Add Pin To Net: Unknown Pin: Pin C2-2
Add Pin To Net: Unknown Pin: Pin C3-1
Add Pin To Net: Unknown Pin: Pin C3-2
Add Pin To Net: Unknown Pin: Pin C4-1
Add Pin To Net: Unknown Pin: Pin C4-2
Add Pin To Net: Unknown Pin: Pin C5-1
Add Pin To Net: Unknown Pin: Pin C5-2
Add Pin To Net: Unknown Pin: Pin C6-1
Add Pin To Net: Unknown Pin: Pin C6-2
Add Pin To Net: Unknown Pin: Pin C7-1
Add Pin To Net: Unknown Pin: Pin C7-2
Add Pin To Net: Unknown Pin: Pin C10-1
Add Pin To Net: Unknown Pin: Pin C10-2
Added Pin To Net: NetName=NetR1_2 Pin=TP9-1
Add Class Member: Failed to add class member : Component C2 CL10B104KB8NNNC
Add Class Member: Failed to add class member : Component C3 CL10B104KB8NNNC
Add Class Member: Failed to add class member : Component C4 CL10B104KB8NNNC
Add Class Member: Failed to add class member : Component C5 CL10B104KB8NNNC
Add Class Member: Failed to add class member : Component C6 CL10B104KB8NNNC
Add Class Member: Failed to add class member : Component C7 CL10B104KB8NNNC
Add Class Member: Failed to add class member : Component C10 CL10B104KB8NNNC
Added Member To Class: ClassName=MCU Member=Component TP9 5004
